  [1m[35mSQL (0.7ms)[0m  [1m[35mSET search_path TO public /*application='Twitter'*/[0m
  [1m[35m (253.0ms)[0m  [1m[35mCREATE DATABASE "twitter_development" ENCODING = 'unicode' /*application='Twitter'*/[0m
  [1m[35mSQL (0.1ms)[0m  [1m[35mSET search_path TO public /*application='Twitter'*/[0m
  [1m[35m (75.3ms)[0m  [1m[35mCREATE DATABASE "twitter_test" ENCODING = 'unicode' /*application='Twitter'*/[0m
Started GET "/" for ::1 at 2025-03-26 13:34:45 -0300
  [1m[35m (23.5ms)[0m  [1m[35mCREATE TABLE "schema_migrations" ("version" character varying NOT NULL PRIMARY KEY) /*application='Twitter'*/[0m
  [1m[35m (6.0ms)[0m  [1m[35mCREATE TABLE "ar_internal_metadata" ("key" character varying NOT NULL PRIMARY KEY, "value" character varying, "created_at" timestamp(6) NOT NULL, "updated_at" timestamp(6) NOT NULL) /*application='Twitter'*/[0m
  [1m[36mActiveRecord::SchemaMigration Load (1.0ms)[0m  [1m[34mSELECT "schema_migrations"."version" FROM "schema_migrations" ORDER BY "schema_migrations"."version" ASC /*application='Twitter'*/[0m
Processing by Rails::WelcomeController#index as HTML
  Rendering /Users/benjaminsolis/.rbenv/versions/3.3.6/lib/ruby/gems/3.3.0/gems/railties-8.0.2/lib/rails/templates/rails/welcome/index.html.erb
  Rendered /Users/benjaminsolis/.rbenv/versions/3.3.6/lib/ruby/gems/3.3.0/gems/railties-8.0.2/lib/rails/templates/rails/welcome/index.html.erb (Duration: 0.4ms | GC: 0.0ms)
Completed 200 OK in 67ms (Views: 4.7ms | ActiveRecord: 0.0ms (0 queries, 0 cached) | GC: 0.0ms)


Started GET "/" for ::1 at 2025-03-26 13:45:29 -0300
  [1m[36mActiveRecord::SchemaMigration Load (1.6ms)[0m  [1m[34mSELECT "schema_migrations"."version" FROM "schema_migrations" ORDER BY "schema_migrations"."version" ASC /*application='Twitter'*/[0m
Processing by Rails::WelcomeController#index as HTML
  Rendering /Users/benjaminsolis/.rbenv/versions/3.3.6/lib/ruby/gems/3.3.0/gems/railties-8.0.2/lib/rails/templates/rails/welcome/index.html.erb
  Rendered /Users/benjaminsolis/.rbenv/versions/3.3.6/lib/ruby/gems/3.3.0/gems/railties-8.0.2/lib/rails/templates/rails/welcome/index.html.erb (Duration: 0.5ms | GC: 0.0ms)
Completed 200 OK in 101ms (Views: 2.1ms | ActiveRecord: 0.0ms (0 queries, 0 cached) | GC: 0.0ms)


Started GET "/" for ::1 at 2025-03-26 13:50:24 -0300
  [1m[36mActiveRecord::SchemaMigration Load (1.7ms)[0m  [1m[34mSELECT "schema_migrations"."version" FROM "schema_migrations" ORDER BY "schema_migrations"."version" ASC /*application='Twitter'*/[0m
Processing by Rails::WelcomeController#index as HTML
  Rendering /Users/benjaminsolis/.rbenv/versions/3.3.6/lib/ruby/gems/3.3.0/gems/railties-8.0.2/lib/rails/templates/rails/welcome/index.html.erb
  Rendered /Users/benjaminsolis/.rbenv/versions/3.3.6/lib/ruby/gems/3.3.0/gems/railties-8.0.2/lib/rails/templates/rails/welcome/index.html.erb (Duration: 0.5ms | GC: 0.0ms)
Completed 200 OK in 101ms (Views: 2.1ms | ActiveRecord: 0.0ms (0 queries, 0 cached) | GC: 0.0ms)


Started GET "/" for ::1 at 2025-03-26 13:51:40 -0300
  [1m[36mActiveRecord::SchemaMigration Load (1.3ms)[0m  [1m[34mSELECT "schema_migrations"."version" FROM "schema_migrations" ORDER BY "schema_migrations"."version" ASC /*application='Twitter'*/[0m
Processing by Rails::WelcomeController#index as HTML
  Rendering /Users/benjaminsolis/.rbenv/versions/3.3.6/lib/ruby/gems/3.3.0/gems/railties-8.0.2/lib/rails/templates/rails/welcome/index.html.erb
  Rendered /Users/benjaminsolis/.rbenv/versions/3.3.6/lib/ruby/gems/3.3.0/gems/railties-8.0.2/lib/rails/templates/rails/welcome/index.html.erb (Duration: 0.5ms | GC: 0.0ms)
Completed 200 OK in 102ms (Views: 2.4ms | ActiveRecord: 0.0ms (0 queries, 0 cached) | GC: 0.0ms)


Started GET "/" for 127.0.0.1 at 2025-03-26 13:53:10 -0300
  [1m[36mActiveRecord::SchemaMigration Load (1.2ms)[0m  [1m[34mSELECT "schema_migrations"."version" FROM "schema_migrations" ORDER BY "schema_migrations"."version" ASC /*application='Twitter'*/[0m
Processing by Rails::WelcomeController#index as HTML
  Rendering /Users/benjaminsolis/.rbenv/versions/3.3.6/lib/ruby/gems/3.3.0/gems/railties-8.0.2/lib/rails/templates/rails/welcome/index.html.erb
  Rendered /Users/benjaminsolis/.rbenv/versions/3.3.6/lib/ruby/gems/3.3.0/gems/railties-8.0.2/lib/rails/templates/rails/welcome/index.html.erb (Duration: 0.5ms | GC: 0.0ms)
Completed 200 OK in 102ms (Views: 2.1ms | ActiveRecord: 0.0ms (0 queries, 0 cached) | GC: 0.0ms)


Started GET "/" for ::1 at 2025-03-26 13:57:48 -0300
  [1m[36mActiveRecord::SchemaMigration Load (19.2ms)[0m  [1m[34mSELECT "schema_migrations"."version" FROM "schema_migrations" ORDER BY "schema_migrations"."version" ASC /*application='Twitter'*/[0m
Processing by HomeController#index as HTML
  Rendering layout layouts/application.html.erb
  Rendering home/index.html.erb within layouts/application
  Rendered home/index.html.erb within layouts/application (Duration: 0.2ms | GC: 0.0ms)
  Rendered layout layouts/application.html.erb (Duration: 36.5ms | GC: 16.8ms)
Completed 200 OK in 154ms (Views: 38.9ms | ActiveRecord: 0.0ms (0 queries, 0 cached) | GC: 16.8ms)


Started GET "/assets/application-7d34afd4.css" for ::1 at 2025-03-26 13:57:48 -0300
Started GET "/assets/bootstrap" for ::1 at 2025-03-26 13:57:48 -0300
Started GET "/" for ::1 at 2025-03-26 14:11:00 -0300
Processing by HomeController#index as HTML
  Rendering layout layouts/application.html.erb
  Rendering home/index.html.erb within layouts/application
  Rendered home/index.html.erb within layouts/application (Duration: 0.4ms | GC: 0.0ms)
  Rendered layout layouts/application.html.erb (Duration: 10.2ms | GC: 0.1ms)
Completed 200 OK in 62ms (Views: 11.5ms | ActiveRecord: 0.0ms (0 queries, 0 cached) | GC: 0.1ms)


Started GET "/assets/bootstrap" for ::1 at 2025-03-26 14:11:00 -0300
Started GET "/style.css" for ::1 at 2025-03-26 14:11:00 -0300
Started GET "/script.js" for ::1 at 2025-03-26 14:11:00 -0300
  
ActionController::RoutingError (No route matches [GET] "/style.css"):
  
  
ActionController::RoutingError (No route matches [GET] "/script.js"):
  
Started GET "/images/ben.jpeg" for ::1 at 2025-03-26 14:11:00 -0300
Started GET "/images/n.jpg" for ::1 at 2025-03-26 14:11:00 -0300
  
ActionController::RoutingError (No route matches [GET] "/images/n.jpg"):
  
  
ActionController::RoutingError (No route matches [GET] "/images/ben.jpeg"):
  
Started GET "/images/g.jpg" for ::1 at 2025-03-26 14:11:01 -0300
  
ActionController::RoutingError (No route matches [GET] "/images/g.jpg"):
  
Started GET "/" for ::1 at 2025-03-26 14:29:39 -0300
  [1m[36mActiveRecord::SchemaMigration Load (18.0ms)[0m  [1m[34mSELECT "schema_migrations"."version" FROM "schema_migrations" ORDER BY "schema_migrations"."version" ASC /*application='Twitter'*/[0m
Processing by HomeController#index as HTML
  Rendering layout layouts/application.html.erb
  Rendering home/index.html.erb within layouts/application
  Rendered home/index.html.erb within layouts/application (Duration: 0.3ms | GC: 0.0ms)
  Rendered layout layouts/application.html.erb (Duration: 40.0ms | GC: 17.4ms)
Completed 200 OK in 151ms (Views: 42.2ms | ActiveRecord: 0.0ms (0 queries, 0 cached) | GC: 17.4ms)


Started GET "/assets/style-5a2fce14.css" for ::1 at 2025-03-26 14:29:40 -0300
Started GET "/assets/bootstrap" for ::1 at 2025-03-26 14:29:40 -0300
Started GET "/style.css" for ::1 at 2025-03-26 14:29:40 -0300
Started GET "/images/ben.jpeg" for ::1 at 2025-03-26 14:29:40 -0300
Started GET "/script.js" for ::1 at 2025-03-26 14:29:40 -0300
  
ActionController::RoutingError (No route matches [GET] "/images/ben.jpeg"):
  
  
ActionController::RoutingError (No route matches [GET] "/script.js"):
  
  
ActionController::RoutingError (No route matches [GET] "/style.css"):
  
Started GET "/images/n.jpg" for ::1 at 2025-03-26 14:29:40 -0300
Started GET "/images/g.jpg" for ::1 at 2025-03-26 14:29:40 -0300
  
ActionController::RoutingError (No route matches [GET] "/images/n.jpg"):
  
  
ActionController::RoutingError (No route matches [GET] "/images/g.jpg"):
  
Started GET "/" for ::1 at 2025-03-26 14:29:52 -0300
Processing by HomeController#index as HTML
  Rendering layout layouts/application.html.erb
  Rendering home/index.html.erb within layouts/application
  Rendered home/index.html.erb within layouts/application (Duration: 0.0ms | GC: 0.0ms)
  Rendered layout layouts/application.html.erb (Duration: 0.7ms | GC: 0.0ms)
Completed 200 OK in 62ms (Views: 0.9ms | ActiveRecord: 0.0ms (0 queries, 0 cached) | GC: 0.0ms)


Started GET "/assets/bootstrap" for ::1 at 2025-03-26 14:29:52 -0300
Started GET "/style.css" for ::1 at 2025-03-26 14:29:52 -0300
Started GET "/images/ben.jpeg" for ::1 at 2025-03-26 14:29:52 -0300
Started GET "/script.js" for ::1 at 2025-03-26 14:29:52 -0300
  
ActionController::RoutingError (No route matches [GET] "/style.css"):
  
  
ActionController::RoutingError (No route matches [GET] "/script.js"):
  
  
ActionController::RoutingError (No route matches [GET] "/images/ben.jpeg"):
  
Started GET "/images/n.jpg" for ::1 at 2025-03-26 14:29:52 -0300
Started GET "/images/g.jpg" for ::1 at 2025-03-26 14:29:52 -0300
  
ActionController::RoutingError (No route matches [GET] "/images/n.jpg"):
  
  
ActionController::RoutingError (No route matches [GET] "/images/g.jpg"):
  
Started GET "/" for ::1 at 2025-03-26 14:30:42 -0300
Processing by HomeController#index as HTML
  Rendering layout layouts/application.html.erb
  Rendering home/index.html.erb within layouts/application
  Rendered home/index.html.erb within layouts/application (Duration: 0.1ms | GC: 0.0ms)
  Rendered layout layouts/application.html.erb (Duration: 1.9ms | GC: 0.0ms)
Completed 200 OK in 60ms (Views: 2.3ms | ActiveRecord: 0.0ms (0 queries, 0 cached) | GC: 0.0ms)


Started GET "/assets/bootstrap" for ::1 at 2025-03-26 14:30:42 -0300
Started GET "/style.css" for ::1 at 2025-03-26 14:30:42 -0300
Started GET "/images/ben.jpeg" for ::1 at 2025-03-26 14:30:42 -0300
Started GET "/script.js" for ::1 at 2025-03-26 14:30:42 -0300
  
ActionController::RoutingError (No route matches [GET] "/images/ben.jpeg"):
  
  
ActionController::RoutingError (No route matches [GET] "/style.css"):
  
  
ActionController::RoutingError (No route matches [GET] "/script.js"):
  
Started GET "/images/n.jpg" for ::1 at 2025-03-26 14:30:42 -0300
Started GET "/images/g.jpg" for ::1 at 2025-03-26 14:30:42 -0300
  
ActionController::RoutingError (No route matches [GET] "/images/n.jpg"):
  
  
ActionController::RoutingError (No route matches [GET] "/images/g.jpg"):
  
Started GET "/" for ::1 at 2025-03-26 15:19:26 -0300
  [1m[36mActiveRecord::SchemaMigration Load (1.1ms)[0m  [1m[34mSELECT "schema_migrations"."version" FROM "schema_migrations" ORDER BY "schema_migrations"."version" ASC /*application='Twitter'*/[0m
Processing by HomeController#index as HTML
  Rendering layout layouts/application.html.erb
  Rendering home/index.html.erb within layouts/application
  Rendered home/index.html.erb within layouts/application (Duration: 0.3ms | GC: 0.0ms)
  Rendered layout layouts/application.html.erb (Duration: 37.4ms | GC: 16.3ms)
Completed 200 OK in 145ms (Views: 39.7ms | ActiveRecord: 0.0ms (0 queries, 0 cached) | GC: 16.3ms)


Started GET "/app/assets/images/ben.jpeg" for ::1 at 2025-03-26 15:19:26 -0300
Started GET "/style.css" for ::1 at 2025-03-26 15:19:26 -0300
Started GET "/script.js" for ::1 at 2025-03-26 15:19:26 -0300
  
ActionController::RoutingError (No route matches [GET] "/style.css"):
  
  
ActionController::RoutingError (No route matches [GET] "/app/assets/images/ben.jpeg"):
  
  
ActionController::RoutingError (No route matches [GET] "/script.js"):
  
Started GET "/images/n.jpg" for ::1 at 2025-03-26 15:19:26 -0300
  
ActionController::RoutingError (No route matches [GET] "/images/n.jpg"):
  
Started GET "/images/g.jpg" for ::1 at 2025-03-26 15:19:26 -0300
  
ActionController::RoutingError (No route matches [GET] "/images/g.jpg"):
  
Started GET "/assets/bootstrap" for ::1 at 2025-03-26 15:19:26 -0300
Started GET "/" for ::1 at 2025-03-26 15:25:18 -0300
  [1m[36mActiveRecord::SchemaMigration Load (0.9ms)[0m  [1m[34mSELECT "schema_migrations"."version" FROM "schema_migrations" ORDER BY "schema_migrations"."version" ASC /*application='Twitter'*/[0m
Processing by HomeController#index as HTML
  Rendering layout layouts/application.html.erb
  Rendering home/index.html.erb within layouts/application
  Rendered home/index.html.erb within layouts/application (Duration: 0.3ms | GC: 0.0ms)
  Rendered layout layouts/application.html.erb (Duration: 38.1ms | GC: 17.3ms)
Completed 200 OK in 146ms (Views: 40.2ms | ActiveRecord: 0.0ms (0 queries, 0 cached) | GC: 17.3ms)


Started GET "/style.css" for ::1 at 2025-03-26 15:25:19 -0300
Started GET "/app/assets/images/ben.jpeg" for ::1 at 2025-03-26 15:25:19 -0300
Started GET "/script.js" for ::1 at 2025-03-26 15:25:19 -0300
  
ActionController::RoutingError (No route matches [GET] "/style.css"):
  
  
ActionController::RoutingError (No route matches [GET] "/app/assets/images/ben.jpeg"):
  
  
ActionController::RoutingError (No route matches [GET] "/script.js"):
  
Started GET "/images/n.jpg" for ::1 at 2025-03-26 15:25:19 -0300
  
ActionController::RoutingError (No route matches [GET] "/images/n.jpg"):
  
Started GET "/images/g.jpg" for ::1 at 2025-03-26 15:25:19 -0300
  
ActionController::RoutingError (No route matches [GET] "/images/g.jpg"):
  
Started GET "/assets/bootstrap" for ::1 at 2025-03-26 15:25:19 -0300
Started GET "/" for ::1 at 2025-03-26 15:28:27 -0300
  [1m[36mActiveRecord::SchemaMigration Load (1.3ms)[0m  [1m[34mSELECT "schema_migrations"."version" FROM "schema_migrations" ORDER BY "schema_migrations"."version" ASC /*application='Twitter'*/[0m
Processing by HomeController#index as HTML
  Rendering layout layouts/application.html.erb
  Rendering home/index.html.erb within layouts/application
  Rendered home/index.html.erb within layouts/application (Duration: 0.2ms | GC: 0.0ms)
  Rendered layout layouts/application.html.erb (Duration: 27.9ms | GC: 6.7ms)
Completed 200 OK in 137ms (Views: 30.1ms | ActiveRecord: 0.0ms (0 queries, 0 cached) | GC: 7.2ms)


Started GET "/assets/bootstrap" for ::1 at 2025-03-26 15:28:27 -0300
Started GET "/about" for ::1 at 2025-03-26 15:28:30 -0300
Processing by HomeController#about as HTML
  Rendering layout layouts/application.html.erb
  Rendering home/about.html.erb within layouts/application
  Rendered home/about.html.erb within layouts/application (Duration: 0.2ms | GC: 0.0ms)
  Rendered layout layouts/application.html.erb (Duration: 0.8ms | GC: 0.0ms)
Completed 200 OK in 68ms (Views: 1.1ms | ActiveRecord: 0.0ms (0 queries, 0 cached) | GC: 0.0ms)


Started GET "/assets/bootstrap" for ::1 at 2025-03-26 15:28:30 -0300
Started GET "/" for ::1 at 2025-03-26 15:34:04 -0300
Processing by HomeController#index as HTML
  Rendering layout layouts/application.html.erb
  Rendering home/index.html.erb within layouts/application
  Rendered home/index.html.erb within layouts/application (Duration: 0.1ms | GC: 0.0ms)
  Rendered layout layouts/application.html.erb (Duration: 3.8ms | GC: 0.0ms)
Completed 200 OK in 64ms (Views: 4.3ms | ActiveRecord: 0.0ms (0 queries, 0 cached) | GC: 0.0ms)


Started GET "/assets/bootstrap" for ::1 at 2025-03-26 15:34:05 -0300
Started GET "/about" for ::1 at 2025-03-26 15:34:06 -0300
Processing by HomeController#about as HTML
  Rendering layout layouts/application.html.erb
  Rendering home/about.html.erb within layouts/application
  Rendered home/about.html.erb within layouts/application (Duration: 0.1ms | GC: 0.0ms)
  Rendered layout layouts/application.html.erb (Duration: 1.0ms | GC: 0.2ms)
Completed 200 OK in 72ms (Views: 1.3ms | ActiveRecord: 0.0ms (0 queries, 0 cached) | GC: 0.2ms)


Started GET "/assets/bootstrap" for ::1 at 2025-03-26 15:34:06 -0300
Started GET "/contact" for ::1 at 2025-03-26 15:34:14 -0300
Processing by HomeController#contact as HTML
  Rendering layout layouts/application.html.erb
  Rendering home/contact.html.erb within layouts/application
  Rendered home/contact.html.erb within layouts/application (Duration: 6.0ms | GC: 0.0ms)
  Rendered layout layouts/application.html.erb (Duration: 7.0ms | GC: 0.0ms)
Completed 200 OK in 74ms (Views: 7.2ms | ActiveRecord: 0.0ms (0 queries, 0 cached) | GC: 0.0ms)


Started GET "/assets/bootstrap" for ::1 at 2025-03-26 15:34:14 -0300
Started GET "/contact" for ::1 at 2025-03-26 15:43:06 -0300
Processing by HomeController#contact as HTML
  Rendering layout layouts/application.html.erb
  Rendering home/contact.html.erb within layouts/application
  Rendered home/contact.html.erb within layouts/application (Duration: 0.4ms | GC: 0.0ms)
  Rendered layout layouts/application.html.erb (Duration: 3.0ms | GC: 0.0ms)
Completed 200 OK in 61ms (Views: 5.9ms | ActiveRecord: 0.0ms (0 queries, 0 cached) | GC: 0.0ms)


Started GET "/assets/bootstrap" for ::1 at 2025-03-26 15:43:06 -0300
Started GET "/" for ::1 at 2025-03-26 15:50:05 -0300
Processing by HomeController#index as HTML
  Rendering layout layouts/application.html.erb
  Rendering home/index.html.erb within layouts/application
  Rendered home/index.html.erb within layouts/application (Duration: 0.6ms | GC: 0.0ms)
  Rendered layout layouts/application.html.erb (Duration: 5.7ms | GC: 0.0ms)
Completed 200 OK in 60ms (Views: 8.0ms | ActiveRecord: 0.0ms (0 queries, 0 cached) | GC: 0.0ms)


Started GET "/assets/bootstrap" for ::1 at 2025-03-26 15:50:05 -0300
Started GET "/" for ::1 at 2025-03-26 15:50:45 -0300
Processing by HomeController#index as HTML
  Rendering layout layouts/application.html.erb
  Rendering home/index.html.erb within layouts/application
  Rendered home/index.html.erb within layouts/application (Duration: 0.2ms | GC: 0.0ms)
  Rendered layout layouts/application.html.erb (Duration: 0.9ms | GC: 0.0ms)
Completed 200 OK in 54ms (Views: 2.1ms | ActiveRecord: 0.0ms (0 queries, 0 cached) | GC: 0.3ms)


Started GET "/assets/bootstrap" for ::1 at 2025-03-26 15:50:45 -0300
Started GET "/contact" for ::1 at 2025-03-26 15:51:00 -0300
Processing by HomeController#contact as HTML
  Rendering layout layouts/application.html.erb
  Rendering home/contact.html.erb within layouts/application
  Rendered home/contact.html.erb within layouts/application (Duration: 0.4ms | GC: 0.0ms)
  Rendered layout layouts/application.html.erb (Duration: 1.2ms | GC: 0.0ms)
Completed 200 OK in 72ms (Views: 1.7ms | ActiveRecord: 0.0ms (0 queries, 0 cached) | GC: 0.0ms)


Started GET "/assets/bootstrap" for ::1 at 2025-03-26 15:51:01 -0300
Started GET "/favicon.ico" for ::1 at 2025-03-26 15:51:01 -0300
  
ActionController::RoutingError (No route matches [GET] "/favicon.ico"):
  
Started GET "/" for ::1 at 2025-03-26 15:52:32 -0300
Processing by HomeController#index as HTML
  Rendering layout layouts/application.html.erb
  Rendering home/index.html.erb within layouts/application
  Rendered home/index.html.erb within layouts/application (Duration: 0.3ms | GC: 0.0ms)
  Rendered layout layouts/application.html.erb (Duration: 1.6ms | GC: 0.0ms)
Completed 200 OK in 60ms (Views: 2.9ms | ActiveRecord: 0.0ms (0 queries, 0 cached) | GC: 0.0ms)


Started GET "/images/ben.jpeg" for ::1 at 2025-03-26 15:52:32 -0300
Started GET "/assets/bootstrap" for ::1 at 2025-03-26 15:52:32 -0300
Started GET "/script.js" for ::1 at 2025-03-26 15:52:32 -0300
  
ActionController::RoutingError (No route matches [GET] "/images/ben.jpeg"):
  
  
ActionController::RoutingError (No route matches [GET] "/script.js"):
  
Started GET "/images/n.jpg" for ::1 at 2025-03-26 15:52:32 -0300
  
ActionController::RoutingError (No route matches [GET] "/images/n.jpg"):
  
Started GET "/images/g.jpg" for ::1 at 2025-03-26 15:52:32 -0300
  
ActionController::RoutingError (No route matches [GET] "/images/g.jpg"):
  
Started GET "/" for ::1 at 2025-03-26 15:52:39 -0300
Processing by HomeController#index as HTML
  Rendering layout layouts/application.html.erb
  Rendering home/index.html.erb within layouts/application
  Rendered home/index.html.erb within layouts/application (Duration: 0.1ms | GC: 0.0ms)
  Rendered layout layouts/application.html.erb (Duration: 0.6ms | GC: 0.0ms)
Completed 200 OK in 62ms (Views: 0.9ms | ActiveRecord: 0.0ms (0 queries, 0 cached) | GC: 0.0ms)


Started GET "/assets/bootstrap" for ::1 at 2025-03-26 15:52:39 -0300
Started GET "/images/ben.jpeg" for ::1 at 2025-03-26 15:52:39 -0300
  
ActionController::RoutingError (No route matches [GET] "/images/ben.jpeg"):
  
Started GET "/images/n.jpg" for ::1 at 2025-03-26 15:52:40 -0300
Started GET "/images/g.jpg" for ::1 at 2025-03-26 15:52:40 -0300
  
ActionController::RoutingError (No route matches [GET] "/images/n.jpg"):
  
  
ActionController::RoutingError (No route matches [GET] "/images/g.jpg"):
  
Started GET "/script.js" for ::1 at 2025-03-26 15:52:40 -0300
  
ActionController::RoutingError (No route matches [GET] "/script.js"):
  
Started GET "/about" for ::1 at 2025-03-26 15:52:56 -0300
Processing by HomeController#about as HTML
  Rendering layout layouts/application.html.erb
  Rendering home/about.html.erb within layouts/application
  Rendered home/about.html.erb within layouts/application (Duration: 0.2ms | GC: 0.0ms)
  Rendered layout layouts/application.html.erb (Duration: 0.8ms | GC: 0.0ms)
Completed 200 OK in 72ms (Views: 1.1ms | ActiveRecord: 0.0ms (0 queries, 0 cached) | GC: 0.0ms)


Started GET "/assets/bootstrap" for ::1 at 2025-03-26 15:52:56 -0300
Started GET "/contact" for ::1 at 2025-03-26 15:52:58 -0300
Processing by HomeController#contact as HTML
  Rendering layout layouts/application.html.erb
  Rendering home/contact.html.erb within layouts/application
  Rendered home/contact.html.erb within layouts/application (Duration: 0.2ms | GC: 0.0ms)
  Rendered layout layouts/application.html.erb (Duration: 0.7ms | GC: 0.0ms)
Completed 200 OK in 68ms (Views: 1.0ms | ActiveRecord: 0.0ms (0 queries, 0 cached) | GC: 0.0ms)


Started GET "/assets/bootstrap" for ::1 at 2025-03-26 15:52:58 -0300
Started GET "/" for ::1 at 2025-03-26 15:53:45 -0300
Processing by HomeController#index as HTML
  Rendering layout layouts/application.html.erb
  Rendering home/index.html.erb within layouts/application
  Rendered home/index.html.erb within layouts/application (Duration: 0.1ms | GC: 0.0ms)
  Rendered layout layouts/application.html.erb (Duration: 3.6ms | GC: 2.0ms)
Completed 200 OK in 65ms (Views: 4.1ms | ActiveRecord: 0.0ms (0 queries, 0 cached) | GC: 2.0ms)


Started GET "/assets/bootstrap" for ::1 at 2025-03-26 15:53:45 -0300
Started GET "/images/ben.jpeg" for ::1 at 2025-03-26 15:53:45 -0300
Started GET "/script.js" for ::1 at 2025-03-26 15:53:45 -0300
  
ActionController::RoutingError (No route matches [GET] "/images/ben.jpeg"):
  
  
ActionController::RoutingError (No route matches [GET] "/script.js"):
  
Started GET "/images/n.jpg" for ::1 at 2025-03-26 15:53:45 -0300
  
ActionController::RoutingError (No route matches [GET] "/images/n.jpg"):
  
Started GET "/images/g.jpg" for ::1 at 2025-03-26 15:53:46 -0300
  
ActionController::RoutingError (No route matches [GET] "/images/g.jpg"):
  
Started GET "/about" for ::1 at 2025-03-26 15:58:35 -0300
Processing by HomeController#about as HTML
  Rendering layout layouts/application.html.erb
  Rendering home/about.html.erb within layouts/application
  Rendered home/about.html.erb within layouts/application (Duration: 0.1ms | GC: 0.0ms)
  Rendered layout layouts/application.html.erb (Duration: 1.5ms | GC: 0.0ms)
Completed 200 OK in 61ms (Views: 2.0ms | ActiveRecord: 0.0ms (0 queries, 0 cached) | GC: 0.0ms)


Started GET "/assets/bootstrap" for ::1 at 2025-03-26 15:58:35 -0300
Started GET "/contact" for ::1 at 2025-03-26 15:58:37 -0300
Processing by HomeController#contact as HTML
  Rendering layout layouts/application.html.erb
  Rendering home/contact.html.erb within layouts/application
  Rendered home/contact.html.erb within layouts/application (Duration: 0.1ms | GC: 0.0ms)
  Rendered layout layouts/application.html.erb (Duration: 0.8ms | GC: 0.0ms)
Completed 200 OK in 70ms (Views: 1.0ms | ActiveRecord: 0.0ms (0 queries, 0 cached) | GC: 0.0ms)


Started GET "/assets/bootstrap" for ::1 at 2025-03-26 15:58:37 -0300
Started GET "/about" for ::1 at 2025-03-26 15:58:37 -0300
Processing by HomeController#about as HTML
  Rendering layout layouts/application.html.erb
  Rendering home/about.html.erb within layouts/application
  Rendered home/about.html.erb within layouts/application (Duration: 0.1ms | GC: 0.0ms)
  Rendered layout layouts/application.html.erb (Duration: 0.9ms | GC: 0.0ms)
Completed 200 OK in 69ms (Views: 1.2ms | ActiveRecord: 0.0ms (0 queries, 0 cached) | GC: 0.0ms)


Started GET "/assets/bootstrap" for ::1 at 2025-03-26 15:58:38 -0300
Started GET "/" for ::1 at 2025-03-26 15:58:38 -0300
Processing by HomeController#index as HTML
  Rendering layout layouts/application.html.erb
  Rendering home/index.html.erb within layouts/application
  Rendered home/index.html.erb within layouts/application (Duration: 0.1ms | GC: 0.0ms)
  Rendered layout layouts/application.html.erb (Duration: 0.7ms | GC: 0.0ms)
Completed 200 OK in 65ms (Views: 0.9ms | ActiveRecord: 0.0ms (0 queries, 0 cached) | GC: 0.0ms)


Started GET "/assets/bootstrap" for ::1 at 2025-03-26 15:58:38 -0300
Started GET "/images/ben.jpeg" for ::1 at 2025-03-26 15:58:38 -0300
Started GET "/script.js" for ::1 at 2025-03-26 15:58:38 -0300
  
ActionController::RoutingError (No route matches [GET] "/images/ben.jpeg"):
  
Started GET "/images/n.jpg" for ::1 at 2025-03-26 15:58:38 -0300
  
ActionController::RoutingError (No route matches [GET] "/script.js"):
  
  
ActionController::RoutingError (No route matches [GET] "/images/n.jpg"):
  
Started GET "/images/g.jpg" for ::1 at 2025-03-26 15:58:38 -0300
  
ActionController::RoutingError (No route matches [GET] "/images/g.jpg"):
  
Started GET "/" for ::1 at 2025-03-26 16:21:58 -0300
Processing by HomeController#index as HTML
  Rendering layout layouts/application.html.erb
  Rendering home/index.html.erb within layouts/application
  Rendered home/index.html.erb within layouts/application (Duration: 0.5ms | GC: 0.0ms)
  Rendered layout layouts/application.html.erb (Duration: 8.2ms | GC: 0.0ms)
Completed 200 OK in 61ms (Views: 9.6ms | ActiveRecord: 0.0ms (0 queries, 0 cached) | GC: 0.4ms)


Started GET "/assets/bootstrap" for ::1 at 2025-03-26 16:21:58 -0300
Started GET "/images/ben.jpeg" for ::1 at 2025-03-26 16:21:58 -0300
Started GET "/script.js" for ::1 at 2025-03-26 16:21:58 -0300
  
ActionController::RoutingError (No route matches [GET] "/images/ben.jpeg"):
  
  
ActionController::RoutingError (No route matches [GET] "/script.js"):
  
Started GET "/app/assets/images/n.jpg" for ::1 at 2025-03-26 16:21:58 -0300
Started GET "/images/g.jpg" for ::1 at 2025-03-26 16:21:58 -0300
  
ActionController::RoutingError (No route matches [GET] "/app/assets/images/n.jpg"):
  
  
ActionController::RoutingError (No route matches [GET] "/images/g.jpg"):
  
Started GET "/" for ::1 at 2025-03-26 16:23:30 -0300
  [1m[36mActiveRecord::SchemaMigration Load (1.3ms)[0m  [1m[34mSELECT "schema_migrations"."version" FROM "schema_migrations" ORDER BY "schema_migrations"."version" ASC /*application='Twitter'*/[0m
Processing by HomeController#index as HTML
  Rendering layout layouts/application.html.erb
  Rendering home/index.html.erb within layouts/application
  Rendered home/index.html.erb within layouts/application (Duration: 0.3ms | GC: 0.0ms)
  Rendered layout layouts/application.html.erb (Duration: 38.1ms | GC: 16.7ms)
Completed 200 OK in 146ms (Views: 40.4ms | ActiveRecord: 0.0ms (0 queries, 0 cached) | GC: 16.7ms)


Started GET "/assets/bootstrap" for ::1 at 2025-03-26 16:23:30 -0300
Started GET "/images/ben.jpeg" for ::1 at 2025-03-26 16:23:30 -0300
Started GET "/script.js" for ::1 at 2025-03-26 16:23:30 -0300
  
ActionController::RoutingError (No route matches [GET] "/images/ben.jpeg"):
  
  
ActionController::RoutingError (No route matches [GET] "/script.js"):
  
Started GET "/app/assets/images/n.jpg" for ::1 at 2025-03-26 16:23:30 -0300
Started GET "/images/g.jpg" for ::1 at 2025-03-26 16:23:30 -0300
  
ActionController::RoutingError (No route matches [GET] "/app/assets/images/n.jpg"):
  
  
ActionController::RoutingError (No route matches [GET] "/images/g.jpg"):
  
Started GET "/" for ::1 at 2025-03-26 16:24:03 -0300
Processing by HomeController#index as HTML
  Rendering layout layouts/application.html.erb
  Rendering home/index.html.erb within layouts/application
  Rendered home/index.html.erb within layouts/application (Duration: 0.9ms | GC: 0.0ms)
  Rendered layout layouts/application.html.erb (Duration: 1.8ms | GC: 0.0ms)
Completed 200 OK in 52ms (Views: 2.8ms | ActiveRecord: 0.0ms (0 queries, 0 cached) | GC: 0.1ms)


Started GET "/assets/bootstrap" for ::1 at 2025-03-26 16:24:03 -0300
Started GET "/images/ben.jpeg" for ::1 at 2025-03-26 16:24:03 -0300
Started GET "/script.js" for ::1 at 2025-03-26 16:24:03 -0300
  
ActionController::RoutingError (No route matches [GET] "/images/ben.jpeg"):
  
  
ActionController::RoutingError (No route matches [GET] "/script.js"):
  
Started GET "/assets/n-186fa3c4.jpg" for ::1 at 2025-03-26 16:24:03 -0300
Started GET "/images/g.jpg" for ::1 at 2025-03-26 16:24:03 -0300
  
ActionController::RoutingError (No route matches [GET] "/images/g.jpg"):
  
Started GET "/" for ::1 at 2025-03-26 16:24:22 -0300
Processing by HomeController#index as HTML
  Rendering layout layouts/application.html.erb
  Rendering home/index.html.erb within layouts/application
  Rendered home/index.html.erb within layouts/application (Duration: 1.1ms | GC: 0.0ms)
  Rendered layout layouts/application.html.erb (Duration: 1.8ms | GC: 0.0ms)
Completed 200 OK in 49ms (Views: 2.7ms | ActiveRecord: 0.0ms (0 queries, 0 cached) | GC: 0.0ms)


Started GET "/assets/bootstrap" for ::1 at 2025-03-26 16:24:22 -0300
Started GET "/images/ben.jpeg" for ::1 at 2025-03-26 16:24:22 -0300
Started GET "/script.js" for ::1 at 2025-03-26 16:24:22 -0300
  
ActionController::RoutingError (No route matches [GET] "/images/ben.jpeg"):
  
  
ActionController::RoutingError (No route matches [GET] "/script.js"):
  
Started GET "/assets/g-f564c50d.jpg" for ::1 at 2025-03-26 16:24:22 -0300
Started GET "/" for ::1 at 2025-03-26 16:28:03 -0300
Processing by HomeController#index as HTML
  Rendering layout layouts/application.html.erb
  Rendering home/index.html.erb within layouts/application
  Rendered home/index.html.erb within layouts/application (Duration: 0.4ms | GC: 0.0ms)
  Rendered layout layouts/application.html.erb (Duration: 1.7ms | GC: 0.0ms)
Completed 200 OK in 53ms (Views: 2.2ms | ActiveRecord: 0.0ms (0 queries, 0 cached) | GC: 0.0ms)


Started GET "/assets/bootstrap" for ::1 at 2025-03-26 16:28:03 -0300
Started GET "/images/ben.jpeg" for ::1 at 2025-03-26 16:28:03 -0300
Started GET "/script.js" for ::1 at 2025-03-26 16:28:03 -0300
  
ActionController::RoutingError (No route matches [GET] "/script.js"):
  
  
ActionController::RoutingError (No route matches [GET] "/images/ben.jpeg"):
  
Started GET "/contact" for ::1 at 2025-03-26 16:28:04 -0300
Processing by HomeController#contact as HTML
  Rendering layout layouts/application.html.erb
  Rendering home/contact.html.erb within layouts/application
  Rendered home/contact.html.erb within layouts/application (Duration: 0.3ms | GC: 0.0ms)
  Rendered layout layouts/application.html.erb (Duration: 0.8ms | GC: 0.0ms)
Completed 200 OK in 68ms (Views: 1.1ms | ActiveRecord: 0.0ms (0 queries, 0 cached) | GC: 0.0ms)


Started GET "/assets/bootstrap" for ::1 at 2025-03-26 16:28:04 -0300
Started GET "/contact" for ::1 at 2025-03-26 16:28:46 -0300
Processing by HomeController#contact as HTML
  Rendering layout layouts/application.html.erb
  Rendering home/contact.html.erb within layouts/application
  Rendered home/contact.html.erb within layouts/application (Duration: 0.2ms | GC: 0.0ms)
  Rendered layout layouts/application.html.erb (Duration: 0.9ms | GC: 0.0ms)
Completed 200 OK in 50ms (Views: 1.9ms | ActiveRecord: 0.0ms (0 queries, 0 cached) | GC: 0.0ms)


Started GET "/assets/bootstrap" for ::1 at 2025-03-26 16:28:46 -0300
Started GET "/" for ::1 at 2025-03-26 16:29:16 -0300
Processing by HomeController#index as HTML
  Rendering layout layouts/application.html.erb
  Rendering home/index.html.erb within layouts/application
  Rendered home/index.html.erb within layouts/application (Duration: 0.8ms | GC: 0.0ms)
  Rendered layout layouts/application.html.erb (Duration: 1.8ms | GC: 0.0ms)
Completed 200 OK in 67ms (Views: 2.2ms | ActiveRecord: 0.0ms (0 queries, 0 cached) | GC: 0.0ms)


Started GET "/assets/bootstrap" for ::1 at 2025-03-26 16:29:17 -0300
Started GET "/images/ben.jpeg" for ::1 at 2025-03-26 16:29:17 -0300
Started GET "/script.js" for ::1 at 2025-03-26 16:29:17 -0300
  
ActionController::RoutingError (No route matches [GET] "/images/ben.jpeg"):
  
  
ActionController::RoutingError (No route matches [GET] "/script.js"):
  
Started GET "/about" for ::1 at 2025-03-26 16:29:40 -0300
Processing by HomeController#about as HTML
  Rendering layout layouts/application.html.erb
  Rendering home/about.html.erb within layouts/application
  Rendered home/about.html.erb within layouts/application (Duration: 0.2ms | GC: 0.0ms)
  Rendered layout layouts/application.html.erb (Duration: 0.7ms | GC: 0.0ms)
Completed 200 OK in 63ms (Views: 1.0ms | ActiveRecord: 0.0ms (0 queries, 0 cached) | GC: 0.0ms)


Started GET "/assets/bootstrap" for ::1 at 2025-03-26 16:29:40 -0300
Started GET "/about" for ::1 at 2025-03-26 16:31:58 -0300
Processing by HomeController#about as HTML
  Rendering layout layouts/application.html.erb
  Rendering home/about.html.erb within layouts/application
  Rendered home/about.html.erb within layouts/application (Duration: 0.4ms | GC: 0.0ms)
  Rendered layout layouts/application.html.erb (Duration: 2.2ms | GC: 0.4ms)
Completed 200 OK in 55ms (Views: 3.5ms | ActiveRecord: 0.0ms (0 queries, 0 cached) | GC: 0.4ms)


Started GET "/assets/bootstrap" for ::1 at 2025-03-26 16:31:58 -0300
Started GET "/about" for ::1 at 2025-03-26 16:34:23 -0300
Processing by HomeController#about as HTML
  Rendering layout layouts/application.html.erb
  Rendering home/about.html.erb within layouts/application
  Rendered home/about.html.erb within layouts/application (Duration: 0.2ms | GC: 0.0ms)
  Rendered layout layouts/application.html.erb (Duration: 1.6ms | GC: 0.5ms)
Completed 200 OK in 54ms (Views: 3.4ms | ActiveRecord: 0.0ms (0 queries, 0 cached) | GC: 2.4ms)


Started GET "/assets/bootstrap" for ::1 at 2025-03-26 16:34:24 -0300
Started GET "/about" for ::1 at 2025-03-26 16:35:41 -0300
Processing by HomeController#about as HTML
  Rendering layout layouts/application.html.erb
  Rendering home/about.html.erb within layouts/application
  Rendered home/about.html.erb within layouts/application (Duration: 0.2ms | GC: 0.0ms)
  Rendered layout layouts/application.html.erb (Duration: 1.0ms | GC: 0.0ms)
Completed 200 OK in 51ms (Views: 2.1ms | ActiveRecord: 0.0ms (0 queries, 0 cached) | GC: 0.7ms)


Started GET "/assets/bootstrap" for ::1 at 2025-03-26 16:35:41 -0300
Started GET "/about" for ::1 at 2025-03-26 16:35:48 -0300
Processing by HomeController#about as HTML
  Rendering layout layouts/application.html.erb
  Rendering home/about.html.erb within layouts/application
  Rendered home/about.html.erb within layouts/application (Duration: 0.0ms | GC: 0.0ms)
  Rendered layout layouts/application.html.erb (Duration: 1.2ms | GC: 0.6ms)
Completed 200 OK in 57ms (Views: 1.4ms | ActiveRecord: 0.0ms (0 queries, 0 cached) | GC: 0.6ms)


Started GET "/assets/bootstrap" for ::1 at 2025-03-26 16:35:49 -0300
Started GET "/" for ::1 at 2025-03-26 16:39:02 -0300
Processing by HomeController#index as HTML
  Rendering layout layouts/application.html.erb
  Rendering home/index.html.erb within layouts/application
  Rendered home/index.html.erb within layouts/application (Duration: 1.2ms | GC: 0.0ms)
  Rendered layout layouts/application.html.erb (Duration: 3.4ms | GC: 1.0ms)
Completed 200 OK in 61ms (Views: 3.9ms | ActiveRecord: 0.0ms (0 queries, 0 cached) | GC: 1.0ms)


Started GET "/assets/bootstrap" for ::1 at 2025-03-26 16:39:03 -0300
Started GET "/images/ben.jpeg" for ::1 at 2025-03-26 16:39:03 -0300
Started GET "/script.js" for ::1 at 2025-03-26 16:39:03 -0300
  
ActionController::RoutingError (No route matches [GET] "/images/ben.jpeg"):
  
  
ActionController::RoutingError (No route matches [GET] "/script.js"):
  
Started GET "/" for ::1 at 2025-03-26 16:41:17 -0300
Processing by HomeController#index as HTML
  Rendering layout layouts/application.html.erb
  Rendering home/index.html.erb within layouts/application
  Rendered home/index.html.erb within layouts/application (Duration: 0.5ms | GC: 0.0ms)
  Rendered layout layouts/application.html.erb (Duration: 1.5ms | GC: 0.0ms)
Completed 200 OK in 51ms (Views: 2.8ms | ActiveRecord: 0.0ms (0 queries, 0 cached) | GC: 0.3ms)


Started GET "/assets/bootstrap" for ::1 at 2025-03-26 16:41:17 -0300
Started GET "/images/ben.jpeg" for ::1 at 2025-03-26 16:41:17 -0300
Started GET "/script.js" for ::1 at 2025-03-26 16:41:17 -0300
  
ActionController::RoutingError (No route matches [GET] "/script.js"):
  
  
ActionController::RoutingError (No route matches [GET] "/images/ben.jpeg"):
  
Started GET "/" for ::1 at 2025-03-26 16:42:36 -0300
Processing by HomeController#index as HTML
  Rendering layout layouts/application.html.erb
  Rendering home/index.html.erb within layouts/application
  Rendered home/index.html.erb within layouts/application (Duration: 0.6ms | GC: 0.0ms)
  Rendered layout layouts/application.html.erb (Duration: 1.6ms | GC: 0.0ms)
Completed 200 OK in 56ms (Views: 2.7ms | ActiveRecord: 0.0ms (0 queries, 0 cached) | GC: 0.0ms)


Started GET "/assets/bootstrap" for ::1 at 2025-03-26 16:42:37 -0300
Started GET "/images/ben.jpeg" for ::1 at 2025-03-26 16:42:37 -0300
Started GET "/script.js" for ::1 at 2025-03-26 16:42:37 -0300
  
ActionController::RoutingError (No route matches [GET] "/images/ben.jpeg"):
  
  
ActionController::RoutingError (No route matches [GET] "/script.js"):
  
Started GET "/" for ::1 at 2025-03-26 16:43:37 -0300
Processing by HomeController#index as HTML
  Rendering layout layouts/application.html.erb
  Rendering home/index.html.erb within layouts/application
  Rendered home/index.html.erb within layouts/application (Duration: 0.6ms | GC: 0.0ms)
  Rendered layout layouts/application.html.erb (Duration: 1.5ms | GC: 0.0ms)
Completed 200 OK in 52ms (Views: 2.9ms | ActiveRecord: 0.0ms (0 queries, 0 cached) | GC: 0.4ms)


Started GET "/assets/bootstrap" for ::1 at 2025-03-26 16:43:37 -0300
Started GET "/images/ben.jpeg" for ::1 at 2025-03-26 16:43:37 -0300
Started GET "/script.js" for ::1 at 2025-03-26 16:43:37 -0300
  
ActionController::RoutingError (No route matches [GET] "/images/ben.jpeg"):
  
  
ActionController::RoutingError (No route matches [GET] "/script.js"):
  
Started GET "/about" for ::1 at 2025-03-26 16:43:46 -0300
Processing by HomeController#about as HTML
  Rendering layout layouts/application.html.erb
  Rendering home/about.html.erb within layouts/application
  Rendered home/about.html.erb within layouts/application (Duration: 0.3ms | GC: 0.0ms)
  Rendered layout layouts/application.html.erb (Duration: 0.8ms | GC: 0.0ms)
Completed 200 OK in 67ms (Views: 1.1ms | ActiveRecord: 0.0ms (0 queries, 0 cached) | GC: 0.0ms)


Started GET "/assets/bootstrap" for ::1 at 2025-03-26 16:43:46 -0300
Started GET "/contact" for ::1 at 2025-03-26 16:43:48 -0300
Processing by HomeController#contact as HTML
  Rendering layout layouts/application.html.erb
  Rendering home/contact.html.erb within layouts/application
  Rendered home/contact.html.erb within layouts/application (Duration: 0.3ms | GC: 0.0ms)
  Rendered layout layouts/application.html.erb (Duration: 0.9ms | GC: 0.0ms)
Completed 200 OK in 67ms (Views: 1.2ms | ActiveRecord: 0.0ms (0 queries, 0 cached) | GC: 0.0ms)


Started GET "/assets/bootstrap" for ::1 at 2025-03-26 16:43:48 -0300
Started GET "/contact" for ::1 at 2025-03-26 16:43:54 -0300
Processing by HomeController#contact as HTML
  Rendering layout layouts/application.html.erb
  Rendering home/contact.html.erb within layouts/application
  Rendered home/contact.html.erb within layouts/application (Duration: 0.0ms | GC: 0.0ms)
  Rendered layout layouts/application.html.erb (Duration: 0.6ms | GC: 0.0ms)
Completed 200 OK in 64ms (Views: 0.8ms | ActiveRecord: 0.0ms (0 queries, 0 cached) | GC: 2.2ms)


Started GET "/assets/bootstrap" for ::1 at 2025-03-26 16:43:54 -0300
Started GET "/contact" for ::1 at 2025-03-26 16:44:12 -0300
Processing by HomeController#contact as HTML
  Rendering layout layouts/application.html.erb
  Rendering home/contact.html.erb within layouts/application
  Rendered home/contact.html.erb within layouts/application (Duration: 0.2ms | GC: 0.0ms)
  Rendered layout layouts/application.html.erb (Duration: 1.1ms | GC: 0.0ms)
Completed 200 OK in 48ms (Views: 2.0ms | ActiveRecord: 0.0ms (0 queries, 0 cached) | GC: 0.2ms)


Started GET "/assets/bootstrap" for ::1 at 2025-03-26 16:44:12 -0300
Started GET "/" for ::1 at 2025-03-26 16:44:15 -0300
Processing by HomeController#index as HTML
  Rendering layout layouts/application.html.erb
  Rendering home/index.html.erb within layouts/application
  Rendered home/index.html.erb within layouts/application (Duration: 0.5ms | GC: 0.0ms)
  Rendered layout layouts/application.html.erb (Duration: 1.0ms | GC: 0.0ms)
Completed 200 OK in 65ms (Views: 1.3ms | ActiveRecord: 0.0ms (0 queries, 0 cached) | GC: 0.3ms)


Started GET "/images/ben.jpeg" for ::1 at 2025-03-26 16:44:15 -0300
Started GET "/assets/bootstrap" for ::1 at 2025-03-26 16:44:15 -0300
Started GET "/script.js" for ::1 at 2025-03-26 16:44:15 -0300
  
ActionController::RoutingError (No route matches [GET] "/script.js"):
  
  
ActionController::RoutingError (No route matches [GET] "/images/ben.jpeg"):
  
Started GET "/" for ::1 at 2025-03-26 16:44:15 -0300
Processing by HomeController#index as HTML
  Rendering layout layouts/application.html.erb
  Rendering home/index.html.erb within layouts/application
  Rendered home/index.html.erb within layouts/application (Duration: 0.1ms | GC: 0.0ms)
  Rendered layout layouts/application.html.erb (Duration: 0.7ms | GC: 0.0ms)
Completed 200 OK in 68ms (Views: 1.8ms | ActiveRecord: 0.0ms (0 queries, 0 cached) | GC: 0.8ms)


Started GET "/images/ben.jpeg" for ::1 at 2025-03-26 16:44:16 -0300
Started GET "/script.js" for ::1 at 2025-03-26 16:44:16 -0300
Started GET "/assets/bootstrap" for ::1 at 2025-03-26 16:44:16 -0300
  
ActionController::RoutingError (No route matches [GET] "/images/ben.jpeg"):
  
  
ActionController::RoutingError (No route matches [GET] "/script.js"):
  
Started GET "/about" for ::1 at 2025-03-26 16:44:16 -0300
Processing by HomeController#about as HTML
  Rendering layout layouts/application.html.erb
  Rendering home/about.html.erb within layouts/application
  Rendered home/about.html.erb within layouts/application (Duration: 0.3ms | GC: 0.0ms)
  Rendered layout layouts/application.html.erb (Duration: 0.9ms | GC: 0.0ms)
Completed 200 OK in 69ms (Views: 1.2ms | ActiveRecord: 0.0ms (0 queries, 0 cached) | GC: 0.0ms)


Started GET "/assets/bootstrap" for ::1 at 2025-03-26 16:44:17 -0300
Started GET "/" for ::1 at 2025-03-26 16:44:40 -0300
Processing by HomeController#index as HTML
  Rendering layout layouts/application.html.erb
  Rendering home/index.html.erb within layouts/application
  Rendered home/index.html.erb within layouts/application (Duration: 0.2ms | GC: 0.0ms)
  Rendered layout layouts/application.html.erb (Duration: 0.7ms | GC: 0.0ms)
Completed 200 OK in 59ms (Views: 1.0ms | ActiveRecord: 0.0ms (0 queries, 0 cached) | GC: 0.0ms)


Started GET "/images/ben.jpeg" for ::1 at 2025-03-26 16:44:40 -0300
Started GET "/assets/bootstrap" for ::1 at 2025-03-26 16:44:40 -0300
Started GET "/script.js" for ::1 at 2025-03-26 16:44:40 -0300
  
ActionController::RoutingError (No route matches [GET] "/images/ben.jpeg"):
  
  
ActionController::RoutingError (No route matches [GET] "/script.js"):
  
Started GET "/" for ::1 at 2025-03-26 16:47:27 -0300
Processing by HomeController#index as HTML
  Rendering layout layouts/application.html.erb
  Rendering home/index.html.erb within layouts/application
  Rendered home/index.html.erb within layouts/application (Duration: 1.8ms | GC: 0.0ms)
  Rendered layout layouts/application.html.erb (Duration: 3.0ms | GC: 0.0ms)
Completed 200 OK in 72ms (Views: 4.1ms | ActiveRecord: 0.0ms (0 queries, 0 cached) | GC: 3.9ms)


Started GET "/assets/bootstrap" for ::1 at 2025-03-26 16:47:27 -0300
Started GET "/assets/s-86642a6a.jpg" for ::1 at 2025-03-26 16:47:27 -0300
Started GET "/script.js" for ::1 at 2025-03-26 16:47:27 -0300
  
ActionController::RoutingError (No route matches [GET] "/script.js"):
  
Started GET "/about" for ::1 at 2025-03-26 16:47:48 -0300
Processing by HomeController#about as HTML
  Rendering layout layouts/application.html.erb
  Rendering home/about.html.erb within layouts/application
  Rendered home/about.html.erb within layouts/application (Duration: 0.3ms | GC: 0.0ms)
  Rendered layout layouts/application.html.erb (Duration: 0.9ms | GC: 0.0ms)
Completed 200 OK in 68ms (Views: 1.1ms | ActiveRecord: 0.0ms (0 queries, 0 cached) | GC: 0.0ms)


Started GET "/assets/bootstrap" for ::1 at 2025-03-26 16:47:48 -0300
Started GET "/contact" for ::1 at 2025-03-26 16:47:49 -0300
Processing by HomeController#contact as HTML
  Rendering layout layouts/application.html.erb
  Rendering home/contact.html.erb within layouts/application
  Rendered home/contact.html.erb within layouts/application (Duration: 0.3ms | GC: 0.0ms)
  Rendered layout layouts/application.html.erb (Duration: 0.9ms | GC: 0.0ms)
Completed 200 OK in 66ms (Views: 1.2ms | ActiveRecord: 0.0ms (0 queries, 0 cached) | GC: 0.0ms)


Started GET "/assets/bootstrap" for ::1 at 2025-03-26 16:47:49 -0300
Started GET "/about" for ::1 at 2025-03-26 16:47:50 -0300
Processing by HomeController#about as HTML
  Rendering layout layouts/application.html.erb
  Rendering home/about.html.erb within layouts/application
  Rendered home/about.html.erb within layouts/application (Duration: 0.1ms | GC: 0.0ms)
  Rendered layout layouts/application.html.erb (Duration: 0.6ms | GC: 0.0ms)
Completed 200 OK in 68ms (Views: 0.9ms | ActiveRecord: 0.0ms (0 queries, 0 cached) | GC: 0.0ms)


Started GET "/assets/bootstrap" for ::1 at 2025-03-26 16:47:50 -0300
Started GET "/" for ::1 at 2025-03-26 16:47:51 -0300
Processing by HomeController#index as HTML
  Rendering layout layouts/application.html.erb
  Rendering home/index.html.erb within layouts/application
  Rendered home/index.html.erb within layouts/application (Duration: 0.2ms | GC: 0.0ms)
  Rendered layout layouts/application.html.erb (Duration: 0.8ms | GC: 0.0ms)
Completed 200 OK in 67ms (Views: 1.0ms | ActiveRecord: 0.0ms (0 queries, 0 cached) | GC: 0.0ms)


Started GET "/assets/bootstrap" for ::1 at 2025-03-26 16:47:51 -0300
Started GET "/script.js" for ::1 at 2025-03-26 16:47:51 -0300
  
ActionController::RoutingError (No route matches [GET] "/script.js"):
  
Started GET "/about" for ::1 at 2025-03-26 16:51:18 -0300
Processing by HomeController#about as HTML
  Rendering layout layouts/application.html.erb
  Rendering home/about.html.erb within layouts/application
  Rendered home/about.html.erb within layouts/application (Duration: 0.1ms | GC: 0.0ms)
  Rendered layout layouts/application.html.erb (Duration: 2.0ms | GC: 0.0ms)
Completed 200 OK in 55ms (Views: 2.6ms | ActiveRecord: 0.0ms (0 queries, 0 cached) | GC: 0.0ms)


Started GET "/assets/bootstrap" for ::1 at 2025-03-26 16:51:18 -0300
Started GET "/contact" for ::1 at 2025-03-26 16:51:19 -0300
Processing by HomeController#contact as HTML
  Rendering layout layouts/application.html.erb
  Rendering home/contact.html.erb within layouts/application
  Rendered home/contact.html.erb within layouts/application (Duration: 0.1ms | GC: 0.0ms)
  Rendered layout layouts/application.html.erb (Duration: 0.8ms | GC: 0.0ms)
Completed 200 OK in 69ms (Views: 1.1ms | ActiveRecord: 0.0ms (0 queries, 0 cached) | GC: 0.0ms)


Started GET "/assets/bootstrap" for ::1 at 2025-03-26 16:51:19 -0300
  [1m[35m (0.5ms)[0m  [1m[34mSELECT pg_try_advisory_lock(6671199748738134225) /*application='Twitter'*/[0m
  [1m[36mActiveRecord::SchemaMigration Load (2.9ms)[0m  [1m[34mSELECT "schema_migrations"."version" FROM "schema_migrations" ORDER BY "schema_migrations"."version" ASC /*application='Twitter'*/[0m
  [1m[36mActiveRecord::InternalMetadata Load (3.9ms)[0m  [1m[34mSELECT * FROM "ar_internal_metadata" WHERE "ar_internal_metadata"."key" = 'environment' ORDER BY "ar_internal_metadata"."key" ASC LIMIT 1 /*application='Twitter'*/[0m
  [1m[36mActiveRecord::InternalMetadata Create (4.3ms)[0m  [1m[32mINSERT INTO "ar_internal_metadata" ("key", "value", "created_at", "updated_at") VALUES ('environment', 'development', '2025-03-26 22:19:16.017510', '2025-03-26 22:19:16.017513') RETURNING "key" /*application='Twitter'*/[0m
Migrating to CreateMessages (20250326221613)
  [1m[36mTRANSACTION (0.2ms)[0m  [1m[35mBEGIN /*application='Twitter'*/[0m
  [1m[35m (31.6ms)[0m  [1m[35mCREATE TABLE "messages" ("id" bigserial primary key, "name" character varying, "email" character varying, "content" text, "created_at" timestamp(6) NOT NULL, "updated_at" timestamp(6) NOT NULL) /*application='Twitter'*/[0m
  [1m[36mActiveRecord::SchemaMigration Create (0.5ms)[0m  [1m[32mINSERT INTO "schema_migrations" ("version") VALUES ('20250326221613') RETURNING "version" /*application='Twitter'*/[0m
  [1m[36mTRANSACTION (0.7ms)[0m  [1m[35mCOMMIT /*application='Twitter'*/[0m
  [1m[35m (1.2ms)[0m  [1m[34mSELECT pg_advisory_unlock(6671199748738134225) /*application='Twitter'*/[0m
  [1m[36mActiveRecord::SchemaMigration Load (0.3ms)[0m  [1m[34mSELECT "schema_migrations"."version" FROM "schema_migrations" ORDER BY "schema_migrations"."version" ASC /*application='Twitter'*/[0m
  [1m[36mMessage Load (26.4ms)[0m  [1m[34mSELECT "messages".* FROM "messages" /* loading for pp */ LIMIT 11 /*application='Twitter'*/[0m
  [1m[36mTRANSACTION (0.4ms)[0m  [1m[35mBEGIN /*application='Twitter'*/[0m
  [1m[36mMessage Create (4.5ms)[0m  [1m[32mINSERT INTO "messages" ("name", "email", "content", "created_at", "updated_at") VALUES ('Benjamin Solis', 'benjaminsolis@example.com', 'This is a test message.', '2025-03-26 22:22:49.744087', '2025-03-26 22:22:49.744087') RETURNING "id" /*application='Twitter'*/[0m
  [1m[36mTRANSACTION (0.5ms)[0m  [1m[35mCOMMIT /*application='Twitter'*/[0m
  [1m[36mMessage Load (1.5ms)[0m  [1m[34mSELECT "messages".* FROM "messages" /* loading for pp */ LIMIT 11 /*application='Twitter'*/[0m
Started GET "/" for ::1 at 2025-03-26 19:35:47 -0300
  [1m[36mActiveRecord::SchemaMigration Load (1.1ms)[0m  [1m[34mSELECT "schema_migrations"."version" FROM "schema_migrations" ORDER BY "schema_migrations"."version" ASC /*application='Twitter'*/[0m
Processing by HomeController#index as HTML
  Rendering layout layouts/application.html.erb
  Rendering home/index.html.erb within layouts/application
  Rendered home/index.html.erb within layouts/application (Duration: 33.1ms | GC: 16.3ms)
  Rendered layout layouts/application.html.erb (Duration: 40.3ms | GC: 16.5ms)
Completed 200 OK in 167ms (Views: 42.9ms | ActiveRecord: 0.0ms (0 queries, 0 cached) | GC: 16.5ms)


Started GET "/assets/bootstrap" for ::1 at 2025-03-26 19:35:47 -0300
Started GET "/script.js" for ::1 at 2025-03-26 19:35:47 -0300
  
ActionController::RoutingError (No route matches [GET] "/script.js"):
  
Started GET "/about" for ::1 at 2025-03-26 19:35:50 -0300
Processing by HomeController#about as HTML
  Rendering layout layouts/application.html.erb
  Rendering home/about.html.erb within layouts/application
  Rendered home/about.html.erb within layouts/application (Duration: 0.3ms | GC: 0.0ms)
  Rendered layout layouts/application.html.erb (Duration: 1.2ms | GC: 0.0ms)
Completed 200 OK in 65ms (Views: 1.5ms | ActiveRecord: 0.0ms (0 queries, 0 cached) | GC: 0.0ms)


Started GET "/assets/bootstrap" for ::1 at 2025-03-26 19:35:51 -0300
Started GET "/contact" for ::1 at 2025-03-26 19:35:53 -0300
Processing by HomeController#contact as HTML
  Rendering layout layouts/application.html.erb
  Rendering home/contact.html.erb within layouts/application
  Rendered home/contact.html.erb within layouts/application (Duration: 0.7ms | GC: 0.0ms)
  Rendered layout layouts/application.html.erb (Duration: 0.8ms | GC: 0.0ms)
Completed 500 Internal Server Error in 56ms (ActiveRecord: 0.0ms (0 queries, 0 cached) | GC: 0.0ms)


  
ActionView::Template::Error (Passed nil to the :model argument, expect an object or false)
Caused by: ArgumentError (Passed nil to the :model argument, expect an object or false)

Information for: ActionView::Template::Error (Passed nil to the :model argument, expect an object or false):
    1: <%= form_with model: @message, local: true do |form| %>
    2:   <div class="mb-3">
    3:     <%= form.label :name, class: "form-label" %>
    4:     <%= form.text_field :name, class: "form-control", required: true %>
  
app/views/home/contact.html.erb:1

Information for cause: ArgumentError (Passed nil to the :model argument, expect an object or false):
  
app/views/home/contact.html.erb:1
Started GET "/contact" for ::1 at 2025-03-26 19:41:31 -0300
Processing by HomeController#contact as HTML
  Rendering layout layouts/application.html.erb
  Rendering home/contact.html.erb within layouts/application
  Rendered home/contact.html.erb within layouts/application (Duration: 0.7ms | GC: 0.0ms)
  Rendered layout layouts/application.html.erb (Duration: 0.9ms | GC: 0.0ms)
Completed 500 Internal Server Error in 119ms (ActiveRecord: 29.8ms (0 queries, 0 cached) | GC: 0.8ms)


  
ActionView::Template::Error (undefined method `messages_path' for an instance of #<Class:0x00000001226b32a8>)
Caused by: NoMethodError (undefined method `messages_path' for an instance of #<Class:0x00000001226b32a8>)

Information for: ActionView::Template::Error (undefined method `messages_path' for an instance of #<Class:0x00000001226b32a8>):
    1: <%= form_with model: @message, local: true do |form| %>
    2:   <div class="mb-3">
    3:     <%= form.label :name, class: "form-label" %>
    4:     <%= form.text_field :name, class: "form-control", required: true %>
  
app/views/home/contact.html.erb:1

Information for cause: NoMethodError (undefined method `messages_path' for an instance of #<Class:0x00000001226b32a8>):
  
app/views/home/contact.html.erb:1
Started GET "/contact" for ::1 at 2025-03-26 19:41:33 -0300
Processing by HomeController#contact as HTML
  Rendering layout layouts/application.html.erb
  Rendering home/contact.html.erb within layouts/application
  Rendered home/contact.html.erb within layouts/application (Duration: 0.3ms | GC: 0.0ms)
  Rendered layout layouts/application.html.erb (Duration: 0.5ms | GC: 0.0ms)
Completed 500 Internal Server Error in 67ms (ActiveRecord: 0.0ms (0 queries, 0 cached) | GC: 0.0ms)


  
ActionView::Template::Error (undefined method `messages_path' for an instance of #<Class:0x00000001226b32a8>)
Caused by: NoMethodError (undefined method `messages_path' for an instance of #<Class:0x00000001226b32a8>)

Information for: ActionView::Template::Error (undefined method `messages_path' for an instance of #<Class:0x00000001226b32a8>):
    1: <%= form_with model: @message, local: true do |form| %>
    2:   <div class="mb-3">
    3:     <%= form.label :name, class: "form-label" %>
    4:     <%= form.text_field :name, class: "form-control", required: true %>
  
app/views/home/contact.html.erb:1

Information for cause: NoMethodError (undefined method `messages_path' for an instance of #<Class:0x00000001226b32a8>):
  
app/views/home/contact.html.erb:1
Started GET "/contact" for ::1 at 2025-03-26 19:43:07 -0300
  [1m[36mActiveRecord::SchemaMigration Load (1.2ms)[0m  [1m[34mSELECT "schema_migrations"."version" FROM "schema_migrations" ORDER BY "schema_migrations"."version" ASC /*application='Twitter'*/[0m
Processing by HomeController#contact as HTML
  Rendering layout layouts/application.html.erb
  Rendering home/contact.html.erb within layouts/application
  Rendered home/contact.html.erb within layouts/application (Duration: 1.2ms | GC: 0.0ms)
  Rendered layout layouts/application.html.erb (Duration: 1.4ms | GC: 0.0ms)
Completed 500 Internal Server Error in 159ms (ActiveRecord: 18.7ms (0 queries, 0 cached) | GC: 0.0ms)


  
ActionView::Template::Error (undefined method `messages_path' for an instance of #<Class:0x0000000120c817e0>)
Caused by: NoMethodError (undefined method `messages_path' for an instance of #<Class:0x0000000120c817e0>)

Information for: ActionView::Template::Error (undefined method `messages_path' for an instance of #<Class:0x0000000120c817e0>):
    1: <%= form_with model: @message, local: true do |form| %>
    2:   <div class="mb-3">
    3:     <%= form.label :name, class: "form-label" %>
    4:     <%= form.text_field :name, class: "form-control", required: true %>
  
app/views/home/contact.html.erb:1

Information for cause: NoMethodError (undefined method `messages_path' for an instance of #<Class:0x0000000120c817e0>):
  
app/views/home/contact.html.erb:1
Started GET "/contact" for ::1 at 2025-03-26 19:43:13 -0300
Processing by HomeController#contact as HTML
  Rendering layout layouts/application.html.erb
  Rendering home/contact.html.erb within layouts/application
  Rendered home/contact.html.erb within layouts/application (Duration: 0.3ms | GC: 0.0ms)
  Rendered layout layouts/application.html.erb (Duration: 0.5ms | GC: 0.0ms)
Completed 500 Internal Server Error in 67ms (ActiveRecord: 0.0ms (0 queries, 0 cached) | GC: 0.0ms)


  
ActionView::Template::Error (undefined method `messages_path' for an instance of #<Class:0x0000000120c817e0>)
Caused by: NoMethodError (undefined method `messages_path' for an instance of #<Class:0x0000000120c817e0>)

Information for: ActionView::Template::Error (undefined method `messages_path' for an instance of #<Class:0x0000000120c817e0>):
    1: <%= form_with model: @message, local: true do |form| %>
    2:   <div class="mb-3">
    3:     <%= form.label :name, class: "form-label" %>
    4:     <%= form.text_field :name, class: "form-control", required: true %>
  
app/views/home/contact.html.erb:1

Information for cause: NoMethodError (undefined method `messages_path' for an instance of #<Class:0x0000000120c817e0>):
  
app/views/home/contact.html.erb:1
Started GET "/contact" for ::1 at 2025-03-26 19:47:13 -0300
  [1m[36mActiveRecord::SchemaMigration Load (1.3ms)[0m  [1m[34mSELECT "schema_migrations"."version" FROM "schema_migrations" ORDER BY "schema_migrations"."version" ASC /*application='Twitter'*/[0m
Processing by HomeController#contact as HTML
  Rendering layout layouts/application.html.erb
  Rendering home/contact.html.erb within layouts/application
  Rendered home/contact.html.erb within layouts/application (Duration: 10.8ms | GC: 0.3ms)
  Rendered layout layouts/application.html.erb (Duration: 40.1ms | GC: 13.5ms)
Completed 200 OK in 193ms (Views: 42.8ms | ActiveRecord: 18.9ms (0 queries, 0 cached) | GC: 22.4ms)


Started GET "/assets/bootstrap" for ::1 at 2025-03-26 19:47:14 -0300
Started POST "/messages" for ::1 at 2025-03-26 19:50:32 -0300
Processing by MessagesController#create as HTML
  Parameters: {"authenticity_token"=>"[FILTERED]", "message"=>{"name"=>"ben", "email"=>"[FILTERED]", "content"=>"si"}, "commit"=>"Submit"}
  [1m[36mTRANSACTION (6.9ms)[0m  [1m[35mBEGIN /*action='create',application='Twitter',controller='messages'*/[0m
  ↳ app/controllers/messages_controller.rb:4:in `create'
  [1m[36mMessage Create (26.6ms)[0m  [1m[32mINSERT INTO "messages" ("name", "email", "content", "created_at", "updated_at") VALUES ('ben', 'basolis@sis.cl', 'si', '2025-03-26 22:50:32.140097', '2025-03-26 22:50:32.140097') RETURNING "id" /*action='create',application='Twitter',controller='messages'*/[0m
  ↳ app/controllers/messages_controller.rb:4:in `create'
  [1m[36mTRANSACTION (1.3ms)[0m  [1m[35mCOMMIT /*action='create',application='Twitter',controller='messages'*/[0m
  ↳ app/controllers/messages_controller.rb:4:in `create'
Redirected to http://localhost:3000/
Completed 302 Found in 96ms (ActiveRecord: 34.7ms (1 query, 0 cached) | GC: 0.0ms)


Started GET "/" for ::1 at 2025-03-26 19:50:32 -0300
Processing by HomeController#index as HTML
  Rendering layout layouts/application.html.erb
  Rendering home/index.html.erb within layouts/application
  Rendered home/index.html.erb within layouts/application (Duration: 2.5ms | GC: 0.0ms)
  Rendered layout layouts/application.html.erb (Duration: 3.2ms | GC: 0.0ms)
Completed 200 OK in 53ms (Views: 3.5ms | ActiveRecord: 0.0ms (0 queries, 0 cached) | GC: 0.0ms)


Started GET "/assets/bootstrap" for ::1 at 2025-03-26 19:50:32 -0300
Started GET "/script.js" for ::1 at 2025-03-26 19:50:32 -0300
  
ActionController::RoutingError (No route matches [GET] "/script.js"):
  
  [1m[36mMessage Load (157.8ms)[0m  [1m[34mSELECT "messages".* FROM "messages" /* loading for pp */ LIMIT 11 /*application='Twitter'*/[0m
